<?xml version="1.0" encoding="UTF-8"?>
<testng-results skipped="0" failed="0" total="1" passed="1">
  <reporter-output>
  </reporter-output>
  <suite name="Default suite" duration-ms="12996" started-at="2021-07-07T03:20:29Z" finished-at="2021-07-07T03:20:42Z">
    <groups>
    </groups>
    <test name="Default test" duration-ms="12996" started-at="2021-07-07T03:20:29Z" finished-at="2021-07-07T03:20:42Z">
      <class name="Amazon">
        <test-method status="PASS" signature="method1()[pri:0, instance:Amazon@11531931]" name="method1" duration-ms="12974" started-at="2021-07-07T08:50:29Z" finished-at="2021-07-07T08:50:42Z">
          <reporter-output>
          </reporter-output>
        </test-method> <!-- method1 -->
      </class> <!-- Amazon -->
    </test> <!-- Default test -->
  </suite> <!-- Default suite -->
</testng-results>
