<?xml version="1.0" encoding="UTF-8"?>
<testng-results skipped="0" failed="0" total="1" passed="1">
  <reporter-output>
  </reporter-output>
  <suite name="Default suite" duration-ms="17280" started-at="2021-06-06T16:33:48Z" finished-at="2021-06-06T16:34:05Z">
    <groups>
    </groups>
    <test name="Default test" duration-ms="17280" started-at="2021-06-06T16:33:48Z" finished-at="2021-06-06T16:34:05Z">
      <class name="com.qa.myntra.TestNgClass">
        <test-method status="PASS" signature="setUp()[pri:0, instance:com.qa.myntra.TestNgClass@ea4a92b]" name="setUp" is-config="true" duration-ms="11058" started-at="2021-06-06T22:03:48Z" finished-at="2021-06-06T22:03:59Z">
          <reporter-output>
          </reporter-output>
        </test-method> <!-- setUp -->
        <test-method status="PASS" signature="productPrice()[pri:0, instance:com.qa.myntra.TestNgClass@ea4a92b]" name="productPrice" duration-ms="4633" started-at="2021-06-06T22:03:59Z" finished-at="2021-06-06T22:04:04Z">
          <reporter-output>
          </reporter-output>
        </test-method> <!-- productPrice -->
        <test-method status="PASS" signature="tearDown()[pri:0, instance:com.qa.myntra.TestNgClass@ea4a92b]" name="tearDown" is-config="true" duration-ms="1565" started-at="2021-06-06T22:04:04Z" finished-at="2021-06-06T22:04:05Z">
          <reporter-output>
          </reporter-output>
        </test-method> <!-- tearDown -->
      </class> <!-- com.qa.myntra.TestNgClass -->
    </test> <!-- Default test -->
  </suite> <!-- Default suite -->
</testng-results>
